{"D:\\flexsin\\vitagems-backend-settlement\\src\\app.ts": {"path":"D:\\flexsin\\vitagems-backend-settlement\\src\\app.ts","statementMap":{"0":{"start":{"line":1,"column":0},"end":{"line":1,"column":30}},"1":{"start":{"line":2,"column":0},"end":{"line":2,"column":24}},"2":{"start":{"line":3,"column":0},"end":{"line":3,"column":28}},"3":{"start":{"line":4,"column":0},"end":{"line":4,"column":43}},"4":{"start":{"line":5,"column":0},"end":{"line":5,"column":57}},"5":{"start":{"line":7,"column":12},"end":{"line":7,"column":21}},"6":{"start":{"line":10,"column":0},"end":{"line":10,"column":18}},"7":{"start":{"line":11,"column":0},"end":{"line":11,"column":16}},"8":{"start":{"line":14,"column":19},"end":{"line":19,"column":2}},"9":{"start":{"line":20,"column":0},"end":{"line":20,"column":29}},"10":{"start":{"line":23,"column":0},"end":{"line":23,"column":24}},"11":{"start":{"line":26,"column":0},"end":{"line":26,"column":43}},"12":{"start":{"line":27,"column":0},"end":{"line":27,"column":47}},"13":{"start":{"line":28,"column":0},"end":{"line":28,"column":68}},"14":{"start":{"line":31,"column":0},"end":{"line":33,"column":3}},"15":{"start":{"line":32,"column":2},"end":{"line":32,"column":64}},"16":{"start":{"line":35,"column":0},"end":{"line":35,"column":30}},"17":{"start":{"line":38,"column":0},"end":{"line":38,"column":27}},"18":{"start":{"line":41,"column":0},"end":{"line":41,"column":22}},"19":{"start":{"line":43,"column":0},"end":{"line":43,"column":19}}},"fnMap":{"0":{"name":"(anonymous_1)","decl":{"start":{"line":31,"column":19},"end":{"line":31,"column":20}},"loc":{"start":{"line":31,"column":32},"end":{"line":33,"column":1}}}},"branchMap":{},"s":{"0":2,"1":2,"2":2,"3":2,"4":2,"5":2,"6":2,"7":2,"8":2,"9":2,"10":2,"11":2,"12":2,"13":2,"14":2,"15":2,"16":2,"17":2,"18":2,"19":2},"f":{"0":2},"b":{}}
,"D:\\flexsin\\vitagems-backend-settlement\\src\\routes.ts": {"path":"D:\\flexsin\\vitagems-backend-settlement\\src\\routes.ts","statementMap":{"0":{"start":{"line":1,"column":0},"end":{"line":1,"column":33}},"1":{"start":{"line":2,"column":0},"end":{"line":2,"column":64}},"2":{"start":{"line":3,"column":0},"end":{"line":3,"column":77}},"3":{"start":{"line":4,"column":0},"end":{"line":4,"column":83}},"4":{"start":{"line":5,"column":0},"end":{"line":5,"column":71}},"5":{"start":{"line":6,"column":0},"end":{"line":6,"column":74}},"6":{"start":{"line":7,"column":0},"end":{"line":7,"column":110}},"7":{"start":{"line":8,"column":0},"end":{"line":8,"column":62}},"8":{"start":{"line":10,"column":15},"end":{"line":10,"column":23}},"9":{"start":{"line":15,"column":0},"end":{"line":15,"column":66}},"10":{"start":{"line":20,"column":0},"end":{"line":24,"column":2}},"11":{"start":{"line":29,"column":0},"end":{"line":34,"column":2}},"12":{"start":{"line":39,"column":0},"end":{"line":46,"column":2}},"13":{"start":{"line":48,"column":0},"end":{"line":53,"column":2}},"14":{"start":{"line":58,"column":0},"end":{"line":65,"column":2}},"15":{"start":{"line":67,"column":0},"end":{"line":72,"column":2}},"16":{"start":{"line":77,"column":0},"end":{"line":84,"column":2}},"17":{"start":{"line":86,"column":0},"end":{"line":91,"column":2}},"18":{"start":{"line":94,"column":0},"end":{"line":98,"column":2}},"19":{"start":{"line":100,"column":0},"end":{"line":100,"column":22}}},"fnMap":{},"branchMap":{},"s":{"0":2,"1":2,"2":2,"3":2,"4":2,"5":2,"6":2,"7":2,"8":2,"9":2,"10":2,"11":2,"12":2,"13":2,"14":2,"15":2,"16":2,"17":2,"18":2,"19":2},"f":{},"b":{}}
,"D:\\flexsin\\vitagems-backend-settlement\\src\\blockchain\\BlockchainService.ts": {"path":"D:\\flexsin\\vitagems-backend-settlement\\src\\blockchain\\BlockchainService.ts","statementMap":{"0":{"start":{"line":1,"column":0},"end":{"line":1,"column":32}},"1":{"start":{"line":2,"column":0},"end":{"line":2,"column":36}},"2":{"start":{"line":3,"column":0},"end":{"line":3,"column":41}},"3":{"start":{"line":4,"column":0},"end":{"line":4,"column":43}},"4":{"start":{"line":19,"column":32},"end":{"line":25,"column":4}},"5":{"start":{"line":29,"column":4},"end":{"line":29,"column":88}},"6":{"start":{"line":30,"column":4},"end":{"line":30,"column":79}},"7":{"start":{"line":31,"column":4},"end":{"line":31,"column":107}},"8":{"start":{"line":35,"column":4},"end":{"line":46,"column":5}},"9":{"start":{"line":36,"column":6},"end":{"line":36,"column":81}},"10":{"start":{"line":42,"column":6},"end":{"line":42,"column":49}},"11":{"start":{"line":44,"column":6},"end":{"line":44,"column":52}},"12":{"start":{"line":45,"column":6},"end":{"line":45,"column":88}},"13":{"start":{"line":50,"column":4},"end":{"line":57,"column":5}},"14":{"start":{"line":51,"column":6},"end":{"line":51,"column":91}},"15":{"start":{"line":54,"column":6},"end":{"line":54,"column":53}},"16":{"start":{"line":56,"column":6},"end":{"line":56,"column":92}},"17":{"start":{"line":61,"column":4},"end":{"line":68,"column":5}},"18":{"start":{"line":62,"column":6},"end":{"line":62,"column":71}},"19":{"start":{"line":65,"column":6},"end":{"line":65,"column":49}},"20":{"start":{"line":67,"column":6},"end":{"line":67,"column":88}},"21":{"start":{"line":73,"column":4},"end":{"line":73,"column":23}},"22":{"start":{"line":13,"column":0},"end":{"line":13,"column":13}},"23":{"start":{"line":78,"column":13},"end":{"line":78,"column":57}}},"fnMap":{"0":{"name":"(anonymous_0)","decl":{"start":{"line":27,"column":2},"end":{"line":27,"column":null}},"loc":{"start":{"line":27,"column":2},"end":{"line":32,"column":3}}},"1":{"name":"(anonymous_1)","decl":{"start":{"line":34,"column":2},"end":{"line":34,"column":7}},"loc":{"start":{"line":34,"column":46},"end":{"line":47,"column":3}}},"2":{"name":"(anonymous_2)","decl":{"start":{"line":49,"column":2},"end":{"line":49,"column":7}},"loc":{"start":{"line":49,"column":71},"end":{"line":58,"column":3}}},"3":{"name":"(anonymous_3)","decl":{"start":{"line":60,"column":2},"end":{"line":60,"column":7}},"loc":{"start":{"line":60,"column":48},"end":{"line":69,"column":3}}},"4":{"name":"(anonymous_4)","decl":{"start":{"line":71,"column":2},"end":{"line":71,"column":7}},"loc":{"start":{"line":71,"column":43},"end":{"line":74,"column":3}}}},"branchMap":{},"s":{"0":6,"1":6,"2":6,"3":6,"4":6,"5":10,"6":10,"7":10,"8":1,"9":1,"10":1,"11":0,"12":0,"13":1,"14":1,"15":1,"16":0,"17":1,"18":1,"19":1,"20":0,"21":1,"22":6,"23":6},"f":{"0":10,"1":1,"2":1,"3":1,"4":1},"b":{}}
,"D:\\flexsin\\vitagems-backend-settlement\\src\\config\\env.ts": {"path":"D:\\flexsin\\vitagems-backend-settlement\\src\\config\\env.ts","statementMap":{"0":{"start":{"line":1,"column":0},"end":{"line":1,"column":24}},"1":{"start":{"line":2,"column":0},"end":{"line":2,"column":28}},"2":{"start":{"line":4,"column":0},"end":{"line":4,"column":31}},"3":{"start":{"line":6,"column":18},"end":{"line":19,"column":2}},"4":{"start":{"line":21,"column":13},"end":{"line":21,"column":45}},"5":{"start":{"line":23,"column":0},"end":{"line":26,"column":1}},"6":{"start":{"line":24,"column":2},"end":{"line":24,"column":73}},"7":{"start":{"line":25,"column":2},"end":{"line":25,"column":18}},"8":{"start":{"line":28,"column":13},"end":{"line":28,"column":29}}},"fnMap":{},"branchMap":{"0":{"loc":{"start":{"line":23,"column":0},"end":{"line":26,"column":1}},"type":"if","locations":[{"start":{"line":23,"column":0},"end":{"line":26,"column":1}},{"start":{},"end":{}}]}},"s":{"0":14,"1":14,"2":14,"3":14,"4":14,"5":14,"6":0,"7":0,"8":14},"f":{},"b":{"0":[0,14]}}
,"D:\\flexsin\\vitagems-backend-settlement\\src\\config\\swagger.ts": {"path":"D:\\flexsin\\vitagems-backend-settlement\\src\\config\\swagger.ts","statementMap":{"0":{"start":{"line":1,"column":0},"end":{"line":1,"column":41}},"1":{"start":{"line":3,"column":16},"end":{"line":34,"column":2}},"2":{"start":{"line":36,"column":13},"end":{"line":36,"column":49}}},"fnMap":{},"branchMap":{},"s":{"0":2,"1":2,"2":2},"f":{},"b":{}}
,"D:\\flexsin\\vitagems-backend-settlement\\src\\middleware\\authMiddleware.ts": {"path":"D:\\flexsin\\vitagems-backend-settlement\\src\\middleware\\authMiddleware.ts","statementMap":{"0":{"start":{"line":2,"column":0},"end":{"line":2,"column":46}},"1":{"start":{"line":3,"column":0},"end":{"line":3,"column":68}},"2":{"start":{"line":4,"column":0},"end":{"line":4,"column":28}},"3":{"start":{"line":5,"column":0},"end":{"line":5,"column":36}},"4":{"start":{"line":6,"column":0},"end":{"line":6,"column":62}},"5":{"start":{"line":8,"column":15},"end":{"line":8,"column":33}},"6":{"start":{"line":11,"column":34},"end":{"line":65,"column":1}},"7":{"start":{"line":12,"column":2},"end":{"line":64,"column":3}},"8":{"start":{"line":13,"column":23},"end":{"line":13,"column":50}},"9":{"start":{"line":15,"column":4},"end":{"line":17,"column":5}},"10":{"start":{"line":16,"column":6},"end":{"line":16,"column":112}},"11":{"start":{"line":19,"column":19},"end":{"line":19,"column":43}},"12":{"start":{"line":22,"column":20},"end":{"line":25,"column":20}},"13":{"start":{"line":27,"column":22},"end":{"line":33,"column":6}},"14":{"start":{"line":35,"column":4},"end":{"line":37,"column":5}},"15":{"start":{"line":36,"column":6},"end":{"line":36,"column":64}},"16":{"start":{"line":39,"column":4},"end":{"line":41,"column":5}},"17":{"start":{"line":40,"column":6},"end":{"line":40,"column":57}},"18":{"start":{"line":43,"column":4},"end":{"line":45,"column":5}},"19":{"start":{"line":44,"column":6},"end":{"line":44,"column":62}},"20":{"start":{"line":48,"column":5},"end":{"line":48,"column":43}},"21":{"start":{"line":49,"column":5},"end":{"line":49,"column":36}},"22":{"start":{"line":50,"column":5},"end":{"line":50,"column":73}},"23":{"start":{"line":50,"column":64},"end":{"line":50,"column":71}},"24":{"start":{"line":53,"column":4},"end":{"line":56,"column":82}},"25":{"start":{"line":56,"column":22},"end":{"line":56,"column":80}},"26":{"start":{"line":59,"column":4},"end":{"line":59,"column":104}},"27":{"start":{"line":61,"column":4},"end":{"line":61,"column":11}},"28":{"start":{"line":63,"column":4},"end":{"line":63,"column":16}},"29":{"start":{"line":11,"column":13},"end":{"line":11,"column":34}},"30":{"start":{"line":67,"column":34},"end":{"line":87,"column":1}},"31":{"start":{"line":68,"column":2},"end":{"line":86,"column":4}},"32":{"start":{"line":69,"column":4},"end":{"line":85,"column":5}},"33":{"start":{"line":70,"column":33},"end":{"line":70,"column":68}},"34":{"start":{"line":72,"column":6},"end":{"line":74,"column":7}},"35":{"start":{"line":73,"column":8},"end":{"line":73,"column":58}},"36":{"start":{"line":76,"column":29},"end":{"line":76,"column":95}},"37":{"start":{"line":76,"column":61},"end":{"line":76,"column":94}},"38":{"start":{"line":78,"column":6},"end":{"line":80,"column":7}},"39":{"start":{"line":79,"column":8},"end":{"line":79,"column":90}},"40":{"start":{"line":82,"column":6},"end":{"line":82,"column":13}},"41":{"start":{"line":84,"column":6},"end":{"line":84,"column":18}},"42":{"start":{"line":67,"column":13},"end":{"line":67,"column":34}},"43":{"start":{"line":89,"column":39},"end":{"line":106,"column":1}},"44":{"start":{"line":90,"column":2},"end":{"line":105,"column":3}},"45":{"start":{"line":91,"column":22},"end":{"line":91,"column":43}},"46":{"start":{"line":93,"column":20},"end":{"line":95,"column":6}},"47":{"start":{"line":97,"column":4},"end":{"line":99,"column":5}},"48":{"start":{"line":98,"column":6},"end":{"line":98,"column":123}},"49":{"start":{"line":101,"column":5},"end":{"line":101,"column":45}},"50":{"start":{"line":102,"column":4},"end":{"line":102,"column":11}},"51":{"start":{"line":104,"column":4},"end":{"line":104,"column":16}},"52":{"start":{"line":89,"column":13},"end":{"line":89,"column":39}}},"fnMap":{"0":{"name":"(anonymous_1)","decl":{"start":{"line":11,"column":34},"end":{"line":11,"column":39}},"loc":{"start":{"line":11,"column":92},"end":{"line":65,"column":1}}},"1":{"name":"(anonymous_2)","decl":{"start":{"line":50,"column":57},"end":{"line":50,"column":58}},"loc":{"start":{"line":50,"column":64},"end":{"line":50,"column":71}}},"2":{"name":"(anonymous_3)","decl":{"start":{"line":56,"column":13},"end":{"line":56,"column":14}},"loc":{"start":{"line":56,"column":22},"end":{"line":56,"column":80}}},"3":{"name":"(anonymous_4)","decl":{"start":{"line":67,"column":34},"end":{"line":67,"column":35}},"loc":{"start":{"line":67,"column":63},"end":{"line":87,"column":1}}},"4":{"name":"(anonymous_5)","decl":{"start":{"line":68,"column":9},"end":{"line":68,"column":10}},"loc":{"start":{"line":68,"column":61},"end":{"line":86,"column":3}}},"5":{"name":"(anonymous_6)","decl":{"start":{"line":76,"column":50},"end":{"line":76,"column":51}},"loc":{"start":{"line":76,"column":61},"end":{"line":76,"column":94}}},"6":{"name":"(anonymous_7)","decl":{"start":{"line":89,"column":39},"end":{"line":89,"column":44}},"loc":{"start":{"line":89,"column":97},"end":{"line":106,"column":1}}}},"branchMap":{"0":{"loc":{"start":{"line":15,"column":4},"end":{"line":17,"column":5}},"type":"if","locations":[{"start":{"line":15,"column":4},"end":{"line":17,"column":5}},{"start":{},"end":{}}]},"1":{"loc":{"start":{"line":15,"column":8},"end":{"line":15,"column":56}},"type":"binary-expr","locations":[{"start":{"line":15,"column":8},"end":{"line":15,"column":19}},{"start":{"line":15,"column":23},"end":{"line":15,"column":56}}]},"2":{"loc":{"start":{"line":35,"column":4},"end":{"line":37,"column":5}},"type":"if","locations":[{"start":{"line":35,"column":4},"end":{"line":37,"column":5}},{"start":{},"end":{}}]},"3":{"loc":{"start":{"line":35,"column":8},"end":{"line":35,"column":41}},"type":"binary-expr","locations":[{"start":{"line":35,"column":8},"end":{"line":35,"column":18}},{"start":{"line":35,"column":22},"end":{"line":35,"column":41}}]},"4":{"loc":{"start":{"line":39,"column":4},"end":{"line":41,"column":5}},"type":"if","locations":[{"start":{"line":39,"column":4},"end":{"line":41,"column":5}},{"start":{},"end":{}}]},"5":{"loc":{"start":{"line":39,"column":8},"end":{"line":39,"column":63}},"type":"binary-expr","locations":[{"start":{"line":39,"column":8},"end":{"line":39,"column":27}},{"start":{"line":39,"column":31},"end":{"line":39,"column":63}}]},"6":{"loc":{"start":{"line":43,"column":4},"end":{"line":45,"column":5}},"type":"if","locations":[{"start":{"line":43,"column":4},"end":{"line":45,"column":5}},{"start":{},"end":{}}]},"7":{"loc":{"start":{"line":72,"column":6},"end":{"line":74,"column":7}},"type":"if","locations":[{"start":{"line":72,"column":6},"end":{"line":74,"column":7}},{"start":{},"end":{}}]},"8":{"loc":{"start":{"line":78,"column":6},"end":{"line":80,"column":7}},"type":"if","locations":[{"start":{"line":78,"column":6},"end":{"line":80,"column":7}},{"start":{},"end":{}}]},"9":{"loc":{"start":{"line":97,"column":4},"end":{"line":99,"column":5}},"type":"if","locations":[{"start":{"line":97,"column":4},"end":{"line":99,"column":5}},{"start":{},"end":{}}]}},"s":{"0":3,"1":3,"2":3,"3":3,"4":3,"5":3,"6":3,"7":37,"8":37,"9":37,"10":5,"11":32,"12":32,"13":32,"14":31,"15":3,"16":28,"17":1,"18":27,"19":2,"20":25,"21":25,"22":25,"23":17,"24":25,"25":0,"26":25,"27":25,"28":12,"29":3,"30":3,"31":16,"32":24,"33":24,"34":24,"35":1,"36":23,"37":24,"38":23,"39":7,"40":16,"41":8,"42":3,"43":3,"44":11,"45":11,"46":11,"47":11,"48":2,"49":9,"50":9,"51":2,"52":3},"f":{"0":37,"1":17,"2":0,"3":16,"4":24,"5":24,"6":11},"b":{"0":[5,32],"1":[37,33],"2":[3,28],"3":[31,29],"4":[1,27],"5":[28,1],"6":[2,25],"7":[1,23],"8":[7,16],"9":[2,9]}}
,"D:\\flexsin\\vitagems-backend-settlement\\src\\middleware\\errorHandler.ts": {"path":"D:\\flexsin\\vitagems-backend-settlement\\src\\middleware\\errorHandler.ts","statementMap":{"0":{"start":{"line":2,"column":0},"end":{"line":2,"column":43}},"1":{"start":{"line":3,"column":0},"end":{"line":3,"column":41}},"2":{"start":{"line":4,"column":0},"end":{"line":4,"column":49}},"3":{"start":{"line":5,"column":0},"end":{"line":5,"column":31}},"4":{"start":{"line":7,"column":28},"end":{"line":27,"column":1}},"5":{"start":{"line":13,"column":2},"end":{"line":16,"column":3}},"6":{"start":{"line":14,"column":4},"end":{"line":14,"column":48}},"7":{"start":{"line":15,"column":4},"end":{"line":15,"column":65}},"8":{"start":{"line":18,"column":2},"end":{"line":22,"column":3}},"9":{"start":{"line":19,"column":20},"end":{"line":19,"column":94}},"10":{"start":{"line":19,"column":47},"end":{"line":19,"column":82}},"11":{"start":{"line":20,"column":4},"end":{"line":20,"column":48}},"12":{"start":{"line":21,"column":4},"end":{"line":21,"column":84}},"13":{"start":{"line":25,"column":2},"end":{"line":25,"column":73}},"14":{"start":{"line":26,"column":2},"end":{"line":26,"column":72}},"15":{"start":{"line":7,"column":13},"end":{"line":7,"column":28}}},"fnMap":{"0":{"name":"(anonymous_0)","decl":{"start":{"line":7,"column":28},"end":{"line":7,"column":null}},"loc":{"start":{"line":12,"column":4},"end":{"line":27,"column":1}}},"1":{"name":"(anonymous_1)","decl":{"start":{"line":19,"column":35},"end":{"line":19,"column":36}},"loc":{"start":{"line":19,"column":47},"end":{"line":19,"column":82}}}},"branchMap":{"0":{"loc":{"start":{"line":13,"column":2},"end":{"line":16,"column":3}},"type":"if","locations":[{"start":{"line":13,"column":2},"end":{"line":16,"column":3}},{"start":{},"end":{}}]},"1":{"loc":{"start":{"line":18,"column":2},"end":{"line":22,"column":3}},"type":"if","locations":[{"start":{"line":18,"column":2},"end":{"line":22,"column":3}},{"start":{},"end":{}}]}},"s":{"0":3,"1":3,"2":3,"3":3,"4":3,"5":27,"6":24,"7":24,"8":3,"9":1,"10":1,"11":1,"12":1,"13":2,"14":2,"15":3},"f":{"0":27,"1":1},"b":{"0":[24,3],"1":[1,2]}}
,"D:\\flexsin\\vitagems-backend-settlement\\src\\middleware\\idempotency.ts": {"path":"D:\\flexsin\\vitagems-backend-settlement\\src\\middleware\\idempotency.ts","statementMap":{"0":{"start":{"line":2,"column":0},"end":{"line":2,"column":46}},"1":{"start":{"line":3,"column":0},"end":{"line":3,"column":50}},"2":{"start":{"line":5,"column":15},"end":{"line":5,"column":33}},"3":{"start":{"line":13,"column":34},"end":{"line":46,"column":1}},"4":{"start":{"line":14,"column":2},"end":{"line":45,"column":3}},"5":{"start":{"line":15,"column":27},"end":{"line":15,"column":56}},"6":{"start":{"line":17,"column":4},"end":{"line":19,"column":5}},"7":{"start":{"line":18,"column":6},"end":{"line":18,"column":89}},"8":{"start":{"line":21,"column":4},"end":{"line":23,"column":5}},"9":{"start":{"line":22,"column":6},"end":{"line":22,"column":87}},"10":{"start":{"line":26,"column":23},"end":{"line":28,"column":6}},"11":{"start":{"line":30,"column":4},"end":{"line":38,"column":5}},"12":{"start":{"line":33,"column":6},"end":{"line":37,"column":9}},"13":{"start":{"line":41,"column":5},"end":{"line":41,"column":49}},"14":{"start":{"line":42,"column":4},"end":{"line":42,"column":11}},"15":{"start":{"line":44,"column":4},"end":{"line":44,"column":16}},"16":{"start":{"line":13,"column":13},"end":{"line":13,"column":34}}},"fnMap":{"0":{"name":"(anonymous_0)","decl":{"start":{"line":13,"column":34},"end":{"line":13,"column":39}},"loc":{"start":{"line":13,"column":92},"end":{"line":46,"column":1}}}},"branchMap":{"0":{"loc":{"start":{"line":17,"column":4},"end":{"line":19,"column":5}},"type":"if","locations":[{"start":{"line":17,"column":4},"end":{"line":19,"column":5}},{"start":{},"end":{}}]},"1":{"loc":{"start":{"line":21,"column":4},"end":{"line":23,"column":5}},"type":"if","locations":[{"start":{"line":21,"column":4},"end":{"line":23,"column":5}},{"start":{},"end":{}}]},"2":{"loc":{"start":{"line":30,"column":4},"end":{"line":38,"column":5}},"type":"if","locations":[{"start":{"line":30,"column":4},"end":{"line":38,"column":5}},{"start":{},"end":{}}]}},"s":{"0":3,"1":3,"2":3,"3":3,"4":13,"5":13,"6":13,"7":2,"8":11,"9":1,"10":10,"11":9,"12":2,"13":7,"14":7,"15":4,"16":3},"f":{"0":13},"b":{"0":[2,11],"1":[1,10],"2":[2,7]}}
,"D:\\flexsin\\vitagems-backend-settlement\\src\\modules\\audit\\audit.service.ts": {"path":"D:\\flexsin\\vitagems-backend-settlement\\src\\modules\\audit\\audit.service.ts","statementMap":{"0":{"start":{"line":1,"column":0},"end":{"line":1,"column":46}},"1":{"start":{"line":3,"column":15},"end":{"line":3,"column":33}},"2":{"start":{"line":7,"column":4},"end":{"line":18,"column":5}},"3":{"start":{"line":8,"column":6},"end":{"line":14,"column":9}},"4":{"start":{"line":16,"column":6},"end":{"line":16,"column":56}},"5":{"start":{"line":5,"column":0},"end":{"line":5,"column":13}}},"fnMap":{"0":{"name":"(anonymous_0)","decl":{"start":{"line":6,"column":2},"end":{"line":6,"column":8}},"loc":{"start":{"line":6,"column":77},"end":{"line":19,"column":3}}}},"branchMap":{"0":{"loc":{"start":{"line":6,"column":60},"end":{"line":6,"column":77}},"type":"default-arg","locations":[{"start":{"line":6,"column":75},"end":{"line":6,"column":77}}]}},"s":{"0":4,"1":4,"2":29,"3":29,"4":1,"5":4},"f":{"0":29},"b":{"0":[3]}}
,"D:\\flexsin\\vitagems-backend-settlement\\src\\modules\\clients\\client.controller.ts": {"path":"D:\\flexsin\\vitagems-backend-settlement\\src\\modules\\clients\\client.controller.ts","statementMap":{"0":{"start":{"line":2,"column":0},"end":{"line":2,"column":49}},"1":{"start":{"line":3,"column":0},"end":{"line":3,"column":54}},"2":{"start":{"line":7,"column":4},"end":{"line":13,"column":5}},"3":{"start":{"line":8,"column":55},"end":{"line":8,"column":63}},"4":{"start":{"line":9,"column":21},"end":{"line":9,"column":93}},"5":{"start":{"line":10,"column":6},"end":{"line":10,"column":36}},"6":{"start":{"line":12,"column":6},"end":{"line":12,"column":18}},"7":{"start":{"line":17,"column":4},"end":{"line":23,"column":5}},"8":{"start":{"line":18,"column":24},"end":{"line":18,"column":45}},"9":{"start":{"line":19,"column":21},"end":{"line":19,"column":67}},"10":{"start":{"line":20,"column":6},"end":{"line":20,"column":31}},"11":{"start":{"line":22,"column":6},"end":{"line":22,"column":18}},"12":{"start":{"line":5,"column":0},"end":{"line":5,"column":13}}},"fnMap":{"0":{"name":"(anonymous_0)","decl":{"start":{"line":6,"column":2},"end":{"line":6,"column":8}},"loc":{"start":{"line":6,"column":77},"end":{"line":14,"column":3}}},"1":{"name":"(anonymous_1)","decl":{"start":{"line":16,"column":2},"end":{"line":16,"column":8}},"loc":{"start":{"line":16,"column":79},"end":{"line":24,"column":3}}}},"branchMap":{},"s":{"0":2,"1":2,"2":2,"3":2,"4":2,"5":1,"6":1,"7":2,"8":2,"9":2,"10":1,"11":1,"12":2},"f":{"0":2,"1":2},"b":{}}
,"D:\\flexsin\\vitagems-backend-settlement\\src\\modules\\clients\\client.service.ts": {"path":"D:\\flexsin\\vitagems-backend-settlement\\src\\modules\\clients\\client.service.ts","statementMap":{"0":{"start":{"line":1,"column":0},"end":{"line":1,"column":46}},"1":{"start":{"line":2,"column":0},"end":{"line":2,"column":28}},"2":{"start":{"line":3,"column":0},"end":{"line":3,"column":39}},"3":{"start":{"line":4,"column":0},"end":{"line":4,"column":51}},"4":{"start":{"line":6,"column":15},"end":{"line":6,"column":33}},"5":{"start":{"line":14,"column":24},"end":{"line":14,"column":62}},"6":{"start":{"line":15,"column":19},"end":{"line":15,"column":44}},"7":{"start":{"line":16,"column":20},"end":{"line":19,"column":20}},"8":{"start":{"line":21,"column":4},"end":{"line":21,"column":31}},"9":{"start":{"line":26,"column":32},"end":{"line":26,"column":53}},"10":{"start":{"line":28,"column":19},"end":{"line":44,"column":6}},"11":{"start":{"line":36,"column":57},"end":{"line":36,"column":66}},"12":{"start":{"line":46,"column":4},"end":{"line":52,"column":6}},"13":{"start":{"line":56,"column":19},"end":{"line":70,"column":6}},"14":{"start":{"line":72,"column":4},"end":{"line":72,"column":61}},"15":{"start":{"line":72,"column":17},"end":{"line":72,"column":61}},"16":{"start":{"line":74,"column":4},"end":{"line":74,"column":18}},"17":{"start":{"line":8,"column":0},"end":{"line":8,"column":13}}},"fnMap":{"0":{"name":"(anonymous_1)","decl":{"start":{"line":13,"column":2},"end":{"line":13,"column":8}},"loc":{"start":{"line":13,"column":43},"end":{"line":22,"column":3}}},"1":{"name":"(anonymous_2)","decl":{"start":{"line":24,"column":2},"end":{"line":24,"column":8}},"loc":{"start":{"line":24,"column":102},"end":{"line":53,"column":3}}},"2":{"name":"(anonymous_3)","decl":{"start":{"line":36,"column":47},"end":{"line":36,"column":52}},"loc":{"start":{"line":36,"column":57},"end":{"line":36,"column":66}}},"3":{"name":"(anonymous_4)","decl":{"start":{"line":55,"column":2},"end":{"line":55,"column":8}},"loc":{"start":{"line":55,"column":48},"end":{"line":75,"column":3}}}},"branchMap":{"0":{"loc":{"start":{"line":13,"column":24},"end":{"line":13,"column":43}},"type":"default-arg","locations":[{"start":{"line":13,"column":33},"end":{"line":13,"column":43}}]},"1":{"loc":{"start":{"line":40,"column":28},"end":{"line":42,"column":21}},"type":"cond-expr","locations":[{"start":{"line":40,"column":48},"end":{"line":42,"column":10}},{"start":{"line":42,"column":12},"end":{"line":42,"column":21}}]},"2":{"loc":{"start":{"line":72,"column":4},"end":{"line":72,"column":61}},"type":"if","locations":[{"start":{"line":72,"column":4},"end":{"line":72,"column":61}},{"start":{},"end":{}}]}},"s":{"0":3,"1":3,"2":3,"3":3,"4":3,"5":9,"6":9,"7":9,"8":9,"9":5,"10":5,"11":4,"12":4,"13":4,"14":4,"15":2,"16":2,"17":3},"f":{"0":9,"1":5,"2":4,"3":4},"b":{"0":[8],"1":[2,3],"2":[2,2]}}
,"D:\\flexsin\\vitagems-backend-settlement\\src\\modules\\deposits\\deposit.controller.ts": {"path":"D:\\flexsin\\vitagems-backend-settlement\\src\\modules\\deposits\\deposit.controller.ts","statementMap":{"0":{"start":{"line":2,"column":0},"end":{"line":2,"column":51}},"1":{"start":{"line":3,"column":0},"end":{"line":3,"column":54}},"2":{"start":{"line":7,"column":4},"end":{"line":21,"column":5}},"3":{"start":{"line":8,"column":24},"end":{"line":8,"column":45}},"4":{"start":{"line":9,"column":48},"end":{"line":9,"column":56}},"5":{"start":{"line":11,"column":21},"end":{"line":16,"column":8}},"6":{"start":{"line":18,"column":6},"end":{"line":18,"column":36}},"7":{"start":{"line":20,"column":6},"end":{"line":20,"column":18}},"8":{"start":{"line":5,"column":0},"end":{"line":5,"column":13}}},"fnMap":{"0":{"name":"(anonymous_0)","decl":{"start":{"line":6,"column":2},"end":{"line":6,"column":8}},"loc":{"start":{"line":6,"column":82},"end":{"line":22,"column":3}}}},"branchMap":{},"s":{"0":2,"1":2,"2":2,"3":2,"4":2,"5":2,"6":1,"7":1,"8":2},"f":{"0":2},"b":{}}
,"D:\\flexsin\\vitagems-backend-settlement\\src\\modules\\deposits\\deposit.service.ts": {"path":"D:\\flexsin\\vitagems-backend-settlement\\src\\modules\\deposits\\deposit.service.ts","statementMap":{"0":{"start":{"line":1,"column":0},"end":{"line":1,"column":46}},"1":{"start":{"line":2,"column":0},"end":{"line":2,"column":51}},"2":{"start":{"line":4,"column":15},"end":{"line":4,"column":33}},"3":{"start":{"line":19,"column":56},"end":{"line":19,"column":60}},"4":{"start":{"line":21,"column":21},"end":{"line":23,"column":6}},"5":{"start":{"line":25,"column":4},"end":{"line":27,"column":5}},"6":{"start":{"line":26,"column":6},"end":{"line":26,"column":86}},"7":{"start":{"line":29,"column":20},"end":{"line":37,"column":6}},"8":{"start":{"line":39,"column":4},"end":{"line":44,"column":6}},"9":{"start":{"line":13,"column":0},"end":{"line":13,"column":13}}},"fnMap":{"0":{"name":"(anonymous_0)","decl":{"start":{"line":18,"column":2},"end":{"line":18,"column":8}},"loc":{"start":{"line":18,"column":52},"end":{"line":45,"column":3}}}},"branchMap":{"0":{"loc":{"start":{"line":25,"column":4},"end":{"line":27,"column":5}},"type":"if","locations":[{"start":{"line":25,"column":4},"end":{"line":27,"column":5}},{"start":{},"end":{}}]},"1":{"loc":{"start":{"line":33,"column":18},"end":{"line":33,"column":35}},"type":"binary-expr","locations":[{"start":{"line":33,"column":18},"end":{"line":33,"column":26}},{"start":{"line":33,"column":30},"end":{"line":33,"column":35}}]}},"s":{"0":3,"1":3,"2":3,"3":5,"4":5,"5":5,"6":2,"7":3,"8":3,"9":3},"f":{"0":5},"b":{"0":[2,3],"1":[3,1]}}
,"D:\\flexsin\\vitagems-backend-settlement\\src\\modules\\mint\\mint.controller.ts": {"path":"D:\\flexsin\\vitagems-backend-settlement\\src\\modules\\mint\\mint.controller.ts","statementMap":{"0":{"start":{"line":2,"column":0},"end":{"line":2,"column":45}},"1":{"start":{"line":3,"column":0},"end":{"line":3,"column":54}},"2":{"start":{"line":7,"column":4},"end":{"line":23,"column":5}},"3":{"start":{"line":8,"column":24},"end":{"line":8,"column":45}},"4":{"start":{"line":9,"column":30},"end":{"line":9,"column":56}},"5":{"start":{"line":10,"column":49},"end":{"line":10,"column":57}},"6":{"start":{"line":12,"column":21},"end":{"line":18,"column":8}},"7":{"start":{"line":20,"column":6},"end":{"line":20,"column":74}},"8":{"start":{"line":22,"column":6},"end":{"line":22,"column":18}},"9":{"start":{"line":27,"column":4},"end":{"line":35,"column":5}},"10":{"start":{"line":28,"column":21},"end":{"line":28,"column":31}},"11":{"start":{"line":29,"column":24},"end":{"line":29,"column":45}},"12":{"start":{"line":31,"column":21},"end":{"line":31,"column":76}},"13":{"start":{"line":32,"column":6},"end":{"line":32,"column":31}},"14":{"start":{"line":34,"column":6},"end":{"line":34,"column":18}},"15":{"start":{"line":5,"column":0},"end":{"line":5,"column":13}}},"fnMap":{"0":{"name":"(anonymous_0)","decl":{"start":{"line":6,"column":2},"end":{"line":6,"column":8}},"loc":{"start":{"line":6,"column":73},"end":{"line":24,"column":3}}},"1":{"name":"(anonymous_1)","decl":{"start":{"line":26,"column":2},"end":{"line":26,"column":8}},"loc":{"start":{"line":26,"column":76},"end":{"line":36,"column":3}}}},"branchMap":{},"s":{"0":2,"1":2,"2":2,"3":2,"4":2,"5":2,"6":2,"7":1,"8":1,"9":2,"10":2,"11":2,"12":2,"13":1,"14":1,"15":2},"f":{"0":2,"1":2},"b":{}}
,"D:\\flexsin\\vitagems-backend-settlement\\src\\modules\\mint\\mint.service.ts": {"path":"D:\\flexsin\\vitagems-backend-settlement\\src\\modules\\mint\\mint.service.ts","statementMap":{"0":{"start":{"line":1,"column":0},"end":{"line":1,"column":46}},"1":{"start":{"line":2,"column":0},"end":{"line":2,"column":68}},"2":{"start":{"line":3,"column":0},"end":{"line":3,"column":68}},"3":{"start":{"line":5,"column":15},"end":{"line":5,"column":33}},"4":{"start":{"line":17,"column":73},"end":{"line":17,"column":77}},"5":{"start":{"line":20,"column":20},"end":{"line":22,"column":6}},"6":{"start":{"line":24,"column":4},"end":{"line":26,"column":5}},"7":{"start":{"line":25,"column":6},"end":{"line":25,"column":76}},"8":{"start":{"line":28,"column":4},"end":{"line":30,"column":5}},"9":{"start":{"line":29,"column":6},"end":{"line":29,"column":84}},"10":{"start":{"line":33,"column":25},"end":{"line":39,"column":6}},"11":{"start":{"line":41,"column":4},"end":{"line":43,"column":5}},"12":{"start":{"line":42,"column":6},"end":{"line":42,"column":96}},"13":{"start":{"line":46,"column":24},"end":{"line":56,"column":6}},"14":{"start":{"line":59,"column":4},"end":{"line":63,"column":7}},"15":{"start":{"line":65,"column":4},"end":{"line":69,"column":6}},"16":{"start":{"line":73,"column":15},"end":{"line":75,"column":6}},"17":{"start":{"line":77,"column":4},"end":{"line":79,"column":5}},"18":{"start":{"line":78,"column":6},"end":{"line":78,"column":60}},"19":{"start":{"line":81,"column":4},"end":{"line":86,"column":6}},"20":{"start":{"line":15,"column":0},"end":{"line":15,"column":13}}},"fnMap":{"0":{"name":"(anonymous_0)","decl":{"start":{"line":16,"column":2},"end":{"line":16,"column":8}},"loc":{"start":{"line":16,"column":51},"end":{"line":70,"column":3}}},"1":{"name":"(anonymous_1)","decl":{"start":{"line":72,"column":2},"end":{"line":72,"column":8}},"loc":{"start":{"line":72,"column":68},"end":{"line":87,"column":3}}}},"branchMap":{"0":{"loc":{"start":{"line":24,"column":4},"end":{"line":26,"column":5}},"type":"if","locations":[{"start":{"line":24,"column":4},"end":{"line":26,"column":5}},{"start":{},"end":{}}]},"1":{"loc":{"start":{"line":28,"column":4},"end":{"line":30,"column":5}},"type":"if","locations":[{"start":{"line":28,"column":4},"end":{"line":30,"column":5}},{"start":{},"end":{}}]},"2":{"loc":{"start":{"line":41,"column":4},"end":{"line":43,"column":5}},"type":"if","locations":[{"start":{"line":41,"column":4},"end":{"line":43,"column":5}},{"start":{},"end":{}}]},"3":{"loc":{"start":{"line":77,"column":4},"end":{"line":79,"column":5}},"type":"if","locations":[{"start":{"line":77,"column":4},"end":{"line":79,"column":5}},{"start":{},"end":{}}]},"4":{"loc":{"start":{"line":77,"column":8},"end":{"line":77,"column":39}},"type":"binary-expr","locations":[{"start":{"line":77,"column":8},"end":{"line":77,"column":11}},{"start":{"line":77,"column":15},"end":{"line":77,"column":39}}]}},"s":{"0":3,"1":3,"2":3,"3":3,"4":6,"5":6,"6":6,"7":2,"8":4,"9":1,"10":3,"11":3,"12":1,"13":2,"14":2,"15":2,"16":5,"17":5,"18":3,"19":2,"20":3},"f":{"0":6,"1":5},"b":{"0":[2,4],"1":[1,3],"2":[1,2],"3":[3,2],"4":[5,3]}}
,"D:\\flexsin\\vitagems-backend-settlement\\src\\modules\\transfers\\transfer.controller.ts": {"path":"D:\\flexsin\\vitagems-backend-settlement\\src\\modules\\transfers\\transfer.controller.ts","statementMap":{"0":{"start":{"line":2,"column":0},"end":{"line":2,"column":53}},"1":{"start":{"line":3,"column":0},"end":{"line":3,"column":54}},"2":{"start":{"line":7,"column":4},"end":{"line":23,"column":5}},"3":{"start":{"line":8,"column":24},"end":{"line":8,"column":45}},"4":{"start":{"line":9,"column":30},"end":{"line":9,"column":56}},"5":{"start":{"line":10,"column":49},"end":{"line":10,"column":57}},"6":{"start":{"line":12,"column":21},"end":{"line":18,"column":8}},"7":{"start":{"line":20,"column":6},"end":{"line":20,"column":74}},"8":{"start":{"line":22,"column":6},"end":{"line":22,"column":18}},"9":{"start":{"line":27,"column":4},"end":{"line":35,"column":5}},"10":{"start":{"line":28,"column":21},"end":{"line":28,"column":31}},"11":{"start":{"line":29,"column":24},"end":{"line":29,"column":45}},"12":{"start":{"line":31,"column":21},"end":{"line":31,"column":84}},"13":{"start":{"line":32,"column":6},"end":{"line":32,"column":31}},"14":{"start":{"line":34,"column":6},"end":{"line":34,"column":18}},"15":{"start":{"line":5,"column":0},"end":{"line":5,"column":13}}},"fnMap":{"0":{"name":"(anonymous_0)","decl":{"start":{"line":6,"column":2},"end":{"line":6,"column":8}},"loc":{"start":{"line":6,"column":79},"end":{"line":24,"column":3}}},"1":{"name":"(anonymous_1)","decl":{"start":{"line":26,"column":2},"end":{"line":26,"column":8}},"loc":{"start":{"line":26,"column":80},"end":{"line":36,"column":3}}}},"branchMap":{},"s":{"0":2,"1":2,"2":2,"3":2,"4":2,"5":2,"6":2,"7":1,"8":1,"9":2,"10":2,"11":2,"12":2,"13":1,"14":1,"15":2},"f":{"0":2,"1":2},"b":{}}
,"D:\\flexsin\\vitagems-backend-settlement\\src\\modules\\transfers\\transfer.service.ts": {"path":"D:\\flexsin\\vitagems-backend-settlement\\src\\modules\\transfers\\transfer.service.ts","statementMap":{"0":{"start":{"line":1,"column":0},"end":{"line":1,"column":46}},"1":{"start":{"line":2,"column":0},"end":{"line":2,"column":84}},"2":{"start":{"line":3,"column":0},"end":{"line":3,"column":68}},"3":{"start":{"line":5,"column":15},"end":{"line":5,"column":33}},"4":{"start":{"line":17,"column":73},"end":{"line":17,"column":77}},"5":{"start":{"line":20,"column":20},"end":{"line":26,"column":6}},"6":{"start":{"line":28,"column":4},"end":{"line":30,"column":5}},"7":{"start":{"line":29,"column":6},"end":{"line":29,"column":99}},"8":{"start":{"line":36,"column":24},"end":{"line":46,"column":6}},"9":{"start":{"line":49,"column":4},"end":{"line":53,"column":7}},"10":{"start":{"line":55,"column":4},"end":{"line":59,"column":6}},"11":{"start":{"line":63,"column":15},"end":{"line":65,"column":6}},"12":{"start":{"line":67,"column":4},"end":{"line":69,"column":5}},"13":{"start":{"line":68,"column":6},"end":{"line":68,"column":64}},"14":{"start":{"line":71,"column":4},"end":{"line":76,"column":6}},"15":{"start":{"line":15,"column":0},"end":{"line":15,"column":13}}},"fnMap":{"0":{"name":"(anonymous_0)","decl":{"start":{"line":16,"column":2},"end":{"line":16,"column":8}},"loc":{"start":{"line":16,"column":59},"end":{"line":60,"column":3}}},"1":{"name":"(anonymous_1)","decl":{"start":{"line":62,"column":2},"end":{"line":62,"column":8}},"loc":{"start":{"line":62,"column":72},"end":{"line":77,"column":3}}}},"branchMap":{"0":{"loc":{"start":{"line":28,"column":4},"end":{"line":30,"column":5}},"type":"if","locations":[{"start":{"line":28,"column":4},"end":{"line":30,"column":5}},{"start":{},"end":{}}]},"1":{"loc":{"start":{"line":67,"column":4},"end":{"line":69,"column":5}},"type":"if","locations":[{"start":{"line":67,"column":4},"end":{"line":69,"column":5}},{"start":{},"end":{}}]},"2":{"loc":{"start":{"line":67,"column":8},"end":{"line":67,"column":65}},"type":"binary-expr","locations":[{"start":{"line":67,"column":8},"end":{"line":67,"column":11}},{"start":{"line":67,"column":15},"end":{"line":67,"column":39}},{"start":{"line":67,"column":43},"end":{"line":67,"column":65}}]}},"s":{"0":3,"1":3,"2":3,"3":3,"4":5,"5":5,"6":5,"7":2,"8":3,"9":3,"10":3,"11":5,"12":5,"13":3,"14":2,"15":3},"f":{"0":5,"1":5},"b":{"0":[2,3],"1":[3,2],"2":[5,4,3]}}
,"D:\\flexsin\\vitagems-backend-settlement\\src\\modules\\webhooks\\webhook.service.ts": {"path":"D:\\flexsin\\vitagems-backend-settlement\\src\\modules\\webhooks\\webhook.service.ts","statementMap":{"0":{"start":{"line":1,"column":0},"end":{"line":1,"column":60}},"1":{"start":{"line":2,"column":0},"end":{"line":2,"column":46}},"2":{"start":{"line":4,"column":15},"end":{"line":4,"column":33}},"3":{"start":{"line":13,"column":21},"end":{"line":20,"column":6}},"4":{"start":{"line":23,"column":4},"end":{"line":39,"column":6}},"5":{"start":{"line":6,"column":0},"end":{"line":6,"column":13}}},"fnMap":{"0":{"name":"(anonymous_0)","decl":{"start":{"line":11,"column":2},"end":{"line":11,"column":8}},"loc":{"start":{"line":11,"column":69},"end":{"line":40,"column":3}}}},"branchMap":{},"s":{"0":6,"1":6,"2":6,"3":1,"4":1,"5":6},"f":{"0":1},"b":{}}
,"D:\\flexsin\\vitagems-backend-settlement\\src\\modules\\withdrawals\\withdrawal.controller.ts": {"path":"D:\\flexsin\\vitagems-backend-settlement\\src\\modules\\withdrawals\\withdrawal.controller.ts","statementMap":{"0":{"start":{"line":2,"column":0},"end":{"line":2,"column":57}},"1":{"start":{"line":3,"column":0},"end":{"line":3,"column":54}},"2":{"start":{"line":7,"column":4},"end":{"line":23,"column":5}},"3":{"start":{"line":8,"column":24},"end":{"line":8,"column":45}},"4":{"start":{"line":9,"column":30},"end":{"line":9,"column":56}},"5":{"start":{"line":10,"column":51},"end":{"line":10,"column":59}},"6":{"start":{"line":12,"column":21},"end":{"line":18,"column":8}},"7":{"start":{"line":20,"column":6},"end":{"line":20,"column":86}},"8":{"start":{"line":22,"column":6},"end":{"line":22,"column":18}},"9":{"start":{"line":27,"column":4},"end":{"line":35,"column":5}},"10":{"start":{"line":29,"column":21},"end":{"line":29,"column":31}},"11":{"start":{"line":31,"column":21},"end":{"line":31,"column":76}},"12":{"start":{"line":32,"column":6},"end":{"line":32,"column":31}},"13":{"start":{"line":34,"column":6},"end":{"line":34,"column":18}},"14":{"start":{"line":39,"column":4},"end":{"line":47,"column":5}},"15":{"start":{"line":40,"column":21},"end":{"line":40,"column":31}},"16":{"start":{"line":41,"column":24},"end":{"line":41,"column":45}},"17":{"start":{"line":43,"column":21},"end":{"line":43,"column":88}},"18":{"start":{"line":44,"column":6},"end":{"line":44,"column":31}},"19":{"start":{"line":46,"column":6},"end":{"line":46,"column":18}},"20":{"start":{"line":5,"column":0},"end":{"line":5,"column":13}}},"fnMap":{"0":{"name":"(anonymous_0)","decl":{"start":{"line":6,"column":2},"end":{"line":6,"column":8}},"loc":{"start":{"line":6,"column":80},"end":{"line":24,"column":3}}},"1":{"name":"(anonymous_1)","decl":{"start":{"line":26,"column":2},"end":{"line":26,"column":8}},"loc":{"start":{"line":26,"column":80},"end":{"line":36,"column":3}}},"2":{"name":"(anonymous_2)","decl":{"start":{"line":38,"column":2},"end":{"line":38,"column":8}},"loc":{"start":{"line":38,"column":82},"end":{"line":48,"column":3}}}},"branchMap":{},"s":{"0":2,"1":2,"2":2,"3":2,"4":2,"5":2,"6":2,"7":1,"8":1,"9":3,"10":3,"11":3,"12":1,"13":2,"14":2,"15":2,"16":2,"17":2,"18":1,"19":1,"20":2},"f":{"0":2,"1":3,"2":2},"b":{}}
,"D:\\flexsin\\vitagems-backend-settlement\\src\\modules\\withdrawals\\withdrawal.service.ts": {"path":"D:\\flexsin\\vitagems-backend-settlement\\src\\modules\\withdrawals\\withdrawal.service.ts","statementMap":{"0":{"start":{"line":1,"column":0},"end":{"line":1,"column":46}},"1":{"start":{"line":2,"column":0},"end":{"line":2,"column":99}},"2":{"start":{"line":3,"column":0},"end":{"line":3,"column":68}},"3":{"start":{"line":5,"column":15},"end":{"line":5,"column":33}},"4":{"start":{"line":17,"column":75},"end":{"line":17,"column":79}},"5":{"start":{"line":20,"column":20},"end":{"line":26,"column":6}},"6":{"start":{"line":28,"column":4},"end":{"line":30,"column":5}},"7":{"start":{"line":29,"column":6},"end":{"line":29,"column":99}},"8":{"start":{"line":33,"column":31},"end":{"line":35,"column":6}},"9":{"start":{"line":37,"column":4},"end":{"line":43,"column":5}},"10":{"start":{"line":38,"column":6},"end":{"line":42,"column":8}},"11":{"start":{"line":47,"column":23},"end":{"line":55,"column":6}},"12":{"start":{"line":58,"column":4},"end":{"line":67,"column":7}},"13":{"start":{"line":70,"column":4},"end":{"line":74,"column":6}},"14":{"start":{"line":79,"column":23},"end":{"line":82,"column":6}},"15":{"start":{"line":84,"column":4},"end":{"line":86,"column":5}},"16":{"start":{"line":85,"column":6},"end":{"line":85,"column":54}},"17":{"start":{"line":88,"column":4},"end":{"line":90,"column":5}},"18":{"start":{"line":89,"column":6},"end":{"line":89,"column":90}},"19":{"start":{"line":93,"column":4},"end":{"line":96,"column":7}},"20":{"start":{"line":99,"column":19},"end":{"line":99,"column":100}},"21":{"start":{"line":99,"column":54},"end":{"line":99,"column":99}},"22":{"start":{"line":100,"column":4},"end":{"line":102,"column":5}},"23":{"start":{"line":101,"column":6},"end":{"line":101,"column":72}},"24":{"start":{"line":105,"column":4},"end":{"line":108,"column":7}},"25":{"start":{"line":111,"column":4},"end":{"line":115,"column":6}},"26":{"start":{"line":119,"column":23},"end":{"line":124,"column":6}},"27":{"start":{"line":126,"column":4},"end":{"line":128,"column":5}},"28":{"start":{"line":127,"column":6},"end":{"line":127,"column":54}},"29":{"start":{"line":130,"column":19},"end":{"line":130,"column":73}},"30":{"start":{"line":130,"column":54},"end":{"line":130,"column":72}},"31":{"start":{"line":132,"column":4},"end":{"line":137,"column":6}},"32":{"start":{"line":15,"column":0},"end":{"line":15,"column":13}}},"fnMap":{"0":{"name":"(anonymous_0)","decl":{"start":{"line":16,"column":2},"end":{"line":16,"column":8}},"loc":{"start":{"line":16,"column":62},"end":{"line":75,"column":3}}},"1":{"name":"(anonymous_1)","decl":{"start":{"line":77,"column":2},"end":{"line":77,"column":8}},"loc":{"start":{"line":77,"column":53},"end":{"line":116,"column":3}}},"2":{"name":"(anonymous_2)","decl":{"start":{"line":99,"column":48},"end":{"line":99,"column":50}},"loc":{"start":{"line":99,"column":54},"end":{"line":99,"column":99}}},"3":{"name":"(anonymous_3)","decl":{"start":{"line":118,"column":2},"end":{"line":118,"column":8}},"loc":{"start":{"line":118,"column":73},"end":{"line":138,"column":3}}},"4":{"name":"(anonymous_4)","decl":{"start":{"line":130,"column":48},"end":{"line":130,"column":50}},"loc":{"start":{"line":130,"column":54},"end":{"line":130,"column":72}}}},"branchMap":{"0":{"loc":{"start":{"line":28,"column":4},"end":{"line":30,"column":5}},"type":"if","locations":[{"start":{"line":28,"column":4},"end":{"line":30,"column":5}},{"start":{},"end":{}}]},"1":{"loc":{"start":{"line":37,"column":4},"end":{"line":43,"column":5}},"type":"if","locations":[{"start":{"line":37,"column":4},"end":{"line":43,"column":5}},{"start":{},"end":{}}]},"2":{"loc":{"start":{"line":84,"column":4},"end":{"line":86,"column":5}},"type":"if","locations":[{"start":{"line":84,"column":4},"end":{"line":86,"column":5}},{"start":{},"end":{}}]},"3":{"loc":{"start":{"line":88,"column":4},"end":{"line":90,"column":5}},"type":"if","locations":[{"start":{"line":88,"column":4},"end":{"line":90,"column":5}},{"start":{},"end":{}}]},"4":{"loc":{"start":{"line":99,"column":54},"end":{"line":99,"column":99}},"type":"binary-expr","locations":[{"start":{"line":99,"column":54},"end":{"line":99,"column":72}},{"start":{"line":99,"column":76},"end":{"line":99,"column":99}}]},"5":{"loc":{"start":{"line":100,"column":4},"end":{"line":102,"column":5}},"type":"if","locations":[{"start":{"line":100,"column":4},"end":{"line":102,"column":5}},{"start":{},"end":{}}]},"6":{"loc":{"start":{"line":126,"column":4},"end":{"line":128,"column":5}},"type":"if","locations":[{"start":{"line":126,"column":4},"end":{"line":128,"column":5}},{"start":{},"end":{}}]},"7":{"loc":{"start":{"line":126,"column":8},"end":{"line":126,"column":55}},"type":"binary-expr","locations":[{"start":{"line":126,"column":8},"end":{"line":126,"column":19}},{"start":{"line":126,"column":23},"end":{"line":126,"column":55}}]}},"s":{"0":3,"1":3,"2":3,"3":3,"4":5,"5":5,"6":5,"7":2,"8":3,"9":3,"10":1,"11":2,"12":2,"13":2,"14":7,"15":7,"16":2,"17":5,"18":2,"19":3,"20":3,"21":3,"22":3,"23":1,"24":2,"25":2,"26":4,"27":4,"28":2,"29":2,"30":2,"31":2,"32":3},"f":{"0":5,"1":7,"2":3,"3":4,"4":2},"b":{"0":[2,3],"1":[1,2],"2":[2,5],"3":[2,3],"4":[3,2],"5":[1,2],"6":[2,2],"7":[4,3]}}
,"D:\\flexsin\\vitagems-backend-settlement\\src\\utils\\apiResponse.ts": {"path":"D:\\flexsin\\vitagems-backend-settlement\\src\\utils\\apiResponse.ts","statementMap":{"0":{"start":{"line":13,"column":27},"end":{"line":20,"column":1}},"1":{"start":{"line":14,"column":35},"end":{"line":18,"column":4}},"2":{"start":{"line":19,"column":2},"end":{"line":19,"column":47}},"3":{"start":{"line":13,"column":13},"end":{"line":13,"column":27}},"4":{"start":{"line":22,"column":25},"end":{"line":38,"column":1}},"5":{"start":{"line":29,"column":32},"end":{"line":36,"column":4}},"6":{"start":{"line":37,"column":2},"end":{"line":37,"column":47}},"7":{"start":{"line":22,"column":13},"end":{"line":22,"column":25}}},"fnMap":{"0":{"name":"(anonymous_0)","decl":{"start":{"line":13,"column":27},"end":{"line":13,"column":31}},"loc":{"start":{"line":13,"column":106},"end":{"line":20,"column":1}}},"1":{"name":"(anonymous_1)","decl":{"start":{"line":22,"column":25},"end":{"line":22,"column":null}},"loc":{"start":{"line":28,"column":4},"end":{"line":38,"column":1}}}},"branchMap":{"0":{"loc":{"start":{"line":13,"column":55},"end":{"line":13,"column":71}},"type":"default-arg","locations":[{"start":{"line":13,"column":68},"end":{"line":13,"column":71}}]},"1":{"loc":{"start":{"line":25,"column":2},"end":{"line":25,"column":25}},"type":"default-arg","locations":[{"start":{"line":25,"column":9},"end":{"line":25,"column":25}}]},"2":{"loc":{"start":{"line":26,"column":2},"end":{"line":26,"column":18}},"type":"default-arg","locations":[{"start":{"line":26,"column":15},"end":{"line":26,"column":18}}]}},"s":{"0":4,"1":12,"2":12,"3":4,"4":4,"5":29,"6":29,"7":4},"f":{"0":12,"1":29},"b":{"0":[6],"1":[1],"2":[1]}}
,"D:\\flexsin\\vitagems-backend-settlement\\src\\utils\\errors.ts": {"path":"D:\\flexsin\\vitagems-backend-settlement\\src\\utils\\errors.ts","statementMap":{"0":{"start":{"line":7,"column":4},"end":{"line":7,"column":19}},"1":{"start":{"line":8,"column":4},"end":{"line":8,"column":33}},"2":{"start":{"line":9,"column":4},"end":{"line":9,"column":21}},"3":{"start":{"line":10,"column":4},"end":{"line":10,"column":39}},"4":{"start":{"line":11,"column":4},"end":{"line":11,"column":52}},"5":{"start":{"line":1,"column":0},"end":{"line":1,"column":13}},"6":{"start":{"line":17,"column":4},"end":{"line":17,"column":30}},"7":{"start":{"line":15,"column":0},"end":{"line":15,"column":13}},"8":{"start":{"line":23,"column":4},"end":{"line":23,"column":30}},"9":{"start":{"line":21,"column":0},"end":{"line":21,"column":13}},"10":{"start":{"line":29,"column":4},"end":{"line":29,"column":30}},"11":{"start":{"line":27,"column":0},"end":{"line":27,"column":13}},"12":{"start":{"line":35,"column":4},"end":{"line":35,"column":30}},"13":{"start":{"line":33,"column":0},"end":{"line":33,"column":13}},"14":{"start":{"line":41,"column":4},"end":{"line":41,"column":30}},"15":{"start":{"line":39,"column":0},"end":{"line":39,"column":13}},"16":{"start":{"line":47,"column":4},"end":{"line":47,"column":37}},"17":{"start":{"line":45,"column":0},"end":{"line":45,"column":13}}},"fnMap":{"0":{"name":"(anonymous_0)","decl":{"start":{"line":6,"column":2},"end":{"line":6,"column":14}},"loc":{"start":{"line":6,"column":85},"end":{"line":12,"column":3}}},"1":{"name":"(anonymous_1)","decl":{"start":{"line":16,"column":2},"end":{"line":16,"column":14}},"loc":{"start":{"line":16,"column":68},"end":{"line":18,"column":3}}},"2":{"name":"(anonymous_2)","decl":{"start":{"line":22,"column":2},"end":{"line":22,"column":14}},"loc":{"start":{"line":22,"column":63},"end":{"line":24,"column":3}}},"3":{"name":"(anonymous_3)","decl":{"start":{"line":28,"column":2},"end":{"line":28,"column":14}},"loc":{"start":{"line":28,"column":70},"end":{"line":30,"column":3}}},"4":{"name":"(anonymous_4)","decl":{"start":{"line":34,"column":2},"end":{"line":34,"column":14}},"loc":{"start":{"line":34,"column":64},"end":{"line":36,"column":3}}},"5":{"name":"(anonymous_5)","decl":{"start":{"line":40,"column":2},"end":{"line":40,"column":14}},"loc":{"start":{"line":40,"column":62},"end":{"line":42,"column":3}}},"6":{"name":"(anonymous_6)","decl":{"start":{"line":46,"column":2},"end":{"line":46,"column":14}},"loc":{"start":{"line":46,"column":72},"end":{"line":48,"column":3}}}},"branchMap":{"0":{"loc":{"start":{"line":6,"column":65},"end":{"line":6,"column":85}},"type":"default-arg","locations":[{"start":{"line":6,"column":81},"end":{"line":6,"column":85}}]},"1":{"loc":{"start":{"line":16,"column":14},"end":{"line":16,"column":45}},"type":"default-arg","locations":[{"start":{"line":16,"column":24},"end":{"line":16,"column":45}}]},"2":{"loc":{"start":{"line":16,"column":47},"end":{"line":16,"column":68}},"type":"default-arg","locations":[{"start":{"line":16,"column":54},"end":{"line":16,"column":68}}]},"3":{"loc":{"start":{"line":22,"column":14},"end":{"line":22,"column":39}},"type":"default-arg","locations":[{"start":{"line":22,"column":24},"end":{"line":22,"column":39}}]},"4":{"loc":{"start":{"line":22,"column":41},"end":{"line":22,"column":63}},"type":"default-arg","locations":[{"start":{"line":22,"column":48},"end":{"line":22,"column":63}}]},"5":{"loc":{"start":{"line":28,"column":14},"end":{"line":28,"column":43}},"type":"default-arg","locations":[{"start":{"line":28,"column":24},"end":{"line":28,"column":43}}]},"6":{"loc":{"start":{"line":28,"column":45},"end":{"line":28,"column":70}},"type":"default-arg","locations":[{"start":{"line":28,"column":52},"end":{"line":28,"column":70}}]},"7":{"loc":{"start":{"line":34,"column":14},"end":{"line":34,"column":44}},"type":"default-arg","locations":[{"start":{"line":34,"column":24},"end":{"line":34,"column":44}}]},"8":{"loc":{"start":{"line":34,"column":46},"end":{"line":34,"column":64}},"type":"default-arg","locations":[{"start":{"line":34,"column":53},"end":{"line":34,"column":64}}]},"9":{"loc":{"start":{"line":40,"column":14},"end":{"line":40,"column":43}},"type":"default-arg","locations":[{"start":{"line":40,"column":24},"end":{"line":40,"column":43}}]},"10":{"loc":{"start":{"line":40,"column":45},"end":{"line":40,"column":62}},"type":"default-arg","locations":[{"start":{"line":40,"column":52},"end":{"line":40,"column":62}}]},"11":{"loc":{"start":{"line":46,"column":14},"end":{"line":46,"column":47}},"type":"default-arg","locations":[{"start":{"line":46,"column":24},"end":{"line":46,"column":47}}]},"12":{"loc":{"start":{"line":46,"column":49},"end":{"line":46,"column":72}},"type":"default-arg","locations":[{"start":{"line":46,"column":56},"end":{"line":46,"column":72}}]}},"s":{"0":59,"1":59,"2":59,"3":59,"4":59,"5":12,"6":10,"7":12,"8":17,"9":12,"10":7,"11":12,"12":17,"13":12,"14":5,"15":12,"16":1,"17":12},"f":{"0":59,"1":10,"2":17,"3":7,"4":17,"5":5,"6":1},"b":{"0":[57],"1":[1],"2":[10],"3":[1],"4":[15],"5":[1],"6":[7],"7":[1],"8":[15],"9":[1],"10":[5],"11":[1],"12":[1]}}
,"D:\\flexsin\\vitagems-backend-settlement\\src\\utils\\logger.ts": {"path":"D:\\flexsin\\vitagems-backend-settlement\\src\\utils\\logger.ts","statementMap":{"0":{"start":{"line":1,"column":0},"end":{"line":1,"column":36}},"1":{"start":{"line":3,"column":15},"end":{"line":11,"column":2}},"2":{"start":{"line":15,"column":21},"end":{"line":15,"column":69}},"3":{"start":{"line":17,"column":22},"end":{"line":21,"column":1}},"4":{"start":{"line":18,"column":20},"end":{"line":18,"column":44}},"5":{"start":{"line":19,"column":21},"end":{"line":19,"column":61}},"6":{"start":{"line":20,"column":2},"end":{"line":20,"column":75}},"7":{"start":{"line":23,"column":13},"end":{"line":39,"column":2}},"8":{"start":{"line":25,"column":4},"end":{"line":25,"column":91}},"9":{"start":{"line":25,"column":38},"end":{"line":25,"column":91}},"10":{"start":{"line":28,"column":4},"end":{"line":28,"column":88}},"11":{"start":{"line":28,"column":37},"end":{"line":28,"column":88}},"12":{"start":{"line":31,"column":4},"end":{"line":31,"column":88}},"13":{"start":{"line":31,"column":37},"end":{"line":31,"column":88}},"14":{"start":{"line":34,"column":4},"end":{"line":34,"column":87}},"15":{"start":{"line":34,"column":37},"end":{"line":34,"column":87}},"16":{"start":{"line":37,"column":4},"end":{"line":37,"column":91}},"17":{"start":{"line":37,"column":38},"end":{"line":37,"column":91}}},"fnMap":{"0":{"name":"(anonymous_0)","decl":{"start":{"line":17,"column":22},"end":{"line":17,"column":23}},"loc":{"start":{"line":17,"column":69},"end":{"line":21,"column":1}}},"1":{"name":"(anonymous_1)","decl":{"start":{"line":24,"column":9},"end":{"line":24,"column":10}},"loc":{"start":{"line":24,"column":41},"end":{"line":26,"column":3}}},"2":{"name":"(anonymous_2)","decl":{"start":{"line":27,"column":8},"end":{"line":27,"column":9}},"loc":{"start":{"line":27,"column":40},"end":{"line":29,"column":3}}},"3":{"name":"(anonymous_3)","decl":{"start":{"line":30,"column":8},"end":{"line":30,"column":9}},"loc":{"start":{"line":30,"column":40},"end":{"line":32,"column":3}}},"4":{"name":"(anonymous_4)","decl":{"start":{"line":33,"column":8},"end":{"line":33,"column":9}},"loc":{"start":{"line":33,"column":40},"end":{"line":35,"column":3}}},"5":{"name":"(anonymous_5)","decl":{"start":{"line":36,"column":9},"end":{"line":36,"column":10}},"loc":{"start":{"line":36,"column":41},"end":{"line":38,"column":3}}}},"branchMap":{"0":{"loc":{"start":{"line":15,"column":21},"end":{"line":15,"column":69}},"type":"binary-expr","locations":[{"start":{"line":15,"column":21},"end":{"line":15,"column":54}},{"start":{"line":15,"column":58},"end":{"line":15,"column":69}}]},"1":{"loc":{"start":{"line":19,"column":21},"end":{"line":19,"column":61}},"type":"cond-expr","locations":[{"start":{"line":19,"column":28},"end":{"line":19,"column":56}},{"start":{"line":19,"column":59},"end":{"line":19,"column":61}}]},"2":{"loc":{"start":{"line":25,"column":4},"end":{"line":25,"column":91}},"type":"if","locations":[{"start":{"line":25,"column":4},"end":{"line":25,"column":91}},{"start":{},"end":{}}]},"3":{"loc":{"start":{"line":28,"column":4},"end":{"line":28,"column":88}},"type":"if","locations":[{"start":{"line":28,"column":4},"end":{"line":28,"column":88}},{"start":{},"end":{}}]},"4":{"loc":{"start":{"line":31,"column":4},"end":{"line":31,"column":88}},"type":"if","locations":[{"start":{"line":31,"column":4},"end":{"line":31,"column":88}},{"start":{},"end":{}}]},"5":{"loc":{"start":{"line":34,"column":4},"end":{"line":34,"column":87}},"type":"if","locations":[{"start":{"line":34,"column":4},"end":{"line":34,"column":87}},{"start":{},"end":{}}]},"6":{"loc":{"start":{"line":37,"column":4},"end":{"line":37,"column":91}},"type":"if","locations":[{"start":{"line":37,"column":4},"end":{"line":37,"column":91}},{"start":{},"end":{}}]}},"s":{"0":12,"1":12,"2":12,"3":12,"4":35,"5":35,"6":35,"7":12,"8":31,"9":31,"10":8,"11":1,"12":18,"13":1,"14":2,"15":1,"16":3,"17":1},"f":{"0":35,"1":31,"2":8,"3":18,"4":2,"5":3},"b":{"0":[12,0],"1":[5,30],"2":[31,0],"3":[1,7],"4":[1,17],"5":[1,1],"6":[1,2]}}
,"D:\\flexsin\\vitagems-backend-settlement\\src\\workers\\transaction.worker.ts": {"path":"D:\\flexsin\\vitagems-backend-settlement\\src\\workers\\transaction.worker.ts","statementMap":{"0":{"start":{"line":1,"column":0},"end":{"line":1,"column":44}},"1":{"start":{"line":2,"column":0},"end":{"line":2,"column":46}},"2":{"start":{"line":3,"column":0},"end":{"line":3,"column":68}},"3":{"start":{"line":4,"column":0},"end":{"line":4,"column":41}},"4":{"start":{"line":5,"column":0},"end":{"line":5,"column":36}},"5":{"start":{"line":6,"column":0},"end":{"line":6,"column":69}},"6":{"start":{"line":8,"column":15},"end":{"line":8,"column":33}},"7":{"start":{"line":10,"column":19},"end":{"line":12,"column":2}},"8":{"start":{"line":15,"column":13},"end":{"line":15,"column":85}},"9":{"start":{"line":18,"column":19},"end":{"line":92,"column":1}},"10":{"start":{"line":19,"column":47},"end":{"line":19,"column":55}},"11":{"start":{"line":21,"column":2},"end":{"line":21,"column":79}},"12":{"start":{"line":24,"column":13},"end":{"line":24,"column":82}},"13":{"start":{"line":26,"column":2},"end":{"line":29,"column":3}},"14":{"start":{"line":27,"column":4},"end":{"line":27,"column":93}},"15":{"start":{"line":28,"column":4},"end":{"line":28,"column":11}},"16":{"start":{"line":32,"column":2},"end":{"line":35,"column":5}},"17":{"start":{"line":37,"column":2},"end":{"line":91,"column":3}},"18":{"start":{"line":41,"column":4},"end":{"line":49,"column":5}},"19":{"start":{"line":42,"column":6},"end":{"line":42,"column":63}},"20":{"start":{"line":43,"column":11},"end":{"line":49,"column":5}},"21":{"start":{"line":44,"column":6},"end":{"line":44,"column":84}},"22":{"start":{"line":45,"column":11},"end":{"line":49,"column":5}},"23":{"start":{"line":46,"column":6},"end":{"line":46,"column":69}},"24":{"start":{"line":48,"column":6},"end":{"line":48,"column":61}},"25":{"start":{"line":52,"column":19},"end":{"line":52,"column":71}},"26":{"start":{"line":55,"column":4},"end":{"line":61,"column":7}},"27":{"start":{"line":64,"column":24},"end":{"line":64,"column":45}},"28":{"start":{"line":65,"column":4},"end":{"line":70,"column":7}},"29":{"start":{"line":72,"column":4},"end":{"line":72,"column":99}},"30":{"start":{"line":74,"column":4},"end":{"line":74,"column":73}},"31":{"start":{"line":76,"column":4},"end":{"line":82,"column":7}},"32":{"start":{"line":85,"column":4},"end":{"line":88,"column":7}},"33":{"start":{"line":90,"column":4},"end":{"line":90,"column":16}},"34":{"start":{"line":94,"column":13},"end":{"line":97,"column":3}},"35":{"start":{"line":99,"column":0},"end":{"line":101,"column":3}},"36":{"start":{"line":100,"column":2},"end":{"line":100,"column":47}},"37":{"start":{"line":103,"column":0},"end":{"line":105,"column":3}},"38":{"start":{"line":104,"column":2},"end":{"line":104,"column":64}}},"fnMap":{"0":{"name":"(anonymous_0)","decl":{"start":{"line":18,"column":19},"end":{"line":18,"column":24}},"loc":{"start":{"line":18,"column":38},"end":{"line":92,"column":1}}},"1":{"name":"(anonymous_1)","decl":{"start":{"line":99,"column":34},"end":{"line":99,"column":35}},"loc":{"start":{"line":99,"column":42},"end":{"line":101,"column":1}}},"2":{"name":"(anonymous_2)","decl":{"start":{"line":103,"column":31},"end":{"line":103,"column":32}},"loc":{"start":{"line":103,"column":44},"end":{"line":105,"column":1}}}},"branchMap":{"0":{"loc":{"start":{"line":26,"column":2},"end":{"line":29,"column":3}},"type":"if","locations":[{"start":{"line":26,"column":2},"end":{"line":29,"column":3}},{"start":{},"end":{}}]},"1":{"loc":{"start":{"line":26,"column":6},"end":{"line":26,"column":36}},"type":"binary-expr","locations":[{"start":{"line":26,"column":6},"end":{"line":26,"column":9}},{"start":{"line":26,"column":13},"end":{"line":26,"column":36}}]},"2":{"loc":{"start":{"line":41,"column":4},"end":{"line":49,"column":5}},"type":"if","locations":[{"start":{"line":41,"column":4},"end":{"line":49,"column":5}},{"start":{"line":43,"column":11},"end":{"line":49,"column":5}}]},"3":{"loc":{"start":{"line":43,"column":11},"end":{"line":49,"column":5}},"type":"if","locations":[{"start":{"line":43,"column":11},"end":{"line":49,"column":5}},{"start":{"line":45,"column":11},"end":{"line":49,"column":5}}]},"4":{"loc":{"start":{"line":45,"column":11},"end":{"line":49,"column":5}},"type":"if","locations":[{"start":{"line":45,"column":11},"end":{"line":49,"column":5}},{"start":{"line":47,"column":11},"end":{"line":49,"column":5}}]},"5":{"loc":{"start":{"line":80,"column":23},"end":{"line":80,"column":58}},"type":"binary-expr","locations":[{"start":{"line":80,"column":23},"end":{"line":80,"column":36}},{"start":{"line":80,"column":40},"end":{"line":80,"column":58}}]},"6":{"loc":{"start":{"line":87,"column":13},"end":{"line":87,"column":48}},"type":"binary-expr","locations":[{"start":{"line":87,"column":13},"end":{"line":87,"column":26}},{"start":{"line":87,"column":30},"end":{"line":87,"column":48}}]}},"s":{"0":6,"1":6,"2":6,"3":6,"4":6,"5":6,"6":6,"7":6,"8":6,"9":6,"10":7,"11":7,"12":7,"13":7,"14":2,"15":2,"16":5,"17":5,"18":5,"19":2,"20":3,"21":1,"22":2,"23":1,"24":1,"25":3,"26":3,"27":3,"28":3,"29":3,"30":2,"31":2,"32":2,"33":2,"34":6,"35":6,"36":1,"37":6,"38":1},"f":{"0":7,"1":1,"2":1},"b":{"0":[2,5],"1":[7,6],"2":[2,3],"3":[1,2],"4":[1,1],"5":[2,0],"6":[2,0]}}
,"D:\\flexsin\\vitagems-backend-settlement\\src\\workers\\webhook.worker.ts": {"path":"D:\\flexsin\\vitagems-backend-settlement\\src\\workers\\webhook.worker.ts","statementMap":{"0":{"start":{"line":1,"column":0},"end":{"line":1,"column":44}},"1":{"start":{"line":2,"column":0},"end":{"line":2,"column":46}},"2":{"start":{"line":3,"column":0},"end":{"line":3,"column":41}},"3":{"start":{"line":4,"column":0},"end":{"line":4,"column":36}},"4":{"start":{"line":5,"column":0},"end":{"line":5,"column":28}},"5":{"start":{"line":7,"column":15},"end":{"line":7,"column":33}},"6":{"start":{"line":8,"column":19},"end":{"line":8,"column":41}},"7":{"start":{"line":10,"column":13},"end":{"line":10,"column":76}},"8":{"start":{"line":20,"column":23},"end":{"line":64,"column":1}},"9":{"start":{"line":21,"column":46},"end":{"line":21,"column":54}},"10":{"start":{"line":23,"column":2},"end":{"line":23,"column":72}},"11":{"start":{"line":25,"column":2},"end":{"line":28,"column":5}},"12":{"start":{"line":30,"column":2},"end":{"line":63,"column":3}},"13":{"start":{"line":32,"column":22},"end":{"line":32,"column":43}},"14":{"start":{"line":33,"column":29},"end":{"line":33,"column":70}},"15":{"start":{"line":34,"column":22},"end":{"line":37,"column":20}},"16":{"start":{"line":53,"column":4},"end":{"line":56,"column":7}},"17":{"start":{"line":58,"column":4},"end":{"line":58,"column":64}},"18":{"start":{"line":61,"column":4},"end":{"line":61,"column":67}},"19":{"start":{"line":62,"column":4},"end":{"line":62,"column":16}},"20":{"start":{"line":66,"column":13},"end":{"line":73,"column":3}},"21":{"start":{"line":75,"column":0},"end":{"line":86,"column":3}},"22":{"start":{"line":76,"column":2},"end":{"line":76,"column":19}},"23":{"start":{"line":76,"column":12},"end":{"line":76,"column":19}},"24":{"start":{"line":77,"column":2},"end":{"line":77,"column":70}},"25":{"start":{"line":80,"column":2},"end":{"line":85,"column":3}},"26":{"start":{"line":81,"column":4},"end":{"line":84,"column":7}}},"fnMap":{"0":{"name":"(anonymous_1)","decl":{"start":{"line":20,"column":23},"end":{"line":20,"column":28}},"loc":{"start":{"line":20,"column":58},"end":{"line":64,"column":1}}},"1":{"name":"(anonymous_2)","decl":{"start":{"line":75,"column":27},"end":{"line":75,"column":32}},"loc":{"start":{"line":75,"column":46},"end":{"line":86,"column":1}}}},"branchMap":{"0":{"loc":{"start":{"line":76,"column":2},"end":{"line":76,"column":19}},"type":"if","locations":[{"start":{"line":76,"column":2},"end":{"line":76,"column":19}},{"start":{},"end":{}}]},"1":{"loc":{"start":{"line":80,"column":2},"end":{"line":85,"column":3}},"type":"if","locations":[{"start":{"line":80,"column":2},"end":{"line":85,"column":3}},{"start":{},"end":{}}]},"2":{"loc":{"start":{"line":80,"column":27},"end":{"line":80,"column":49}},"type":"binary-expr","locations":[{"start":{"line":80,"column":27},"end":{"line":80,"column":44}},{"start":{"line":80,"column":48},"end":{"line":80,"column":49}}]}},"s":{"0":7,"1":7,"2":7,"3":7,"4":7,"5":7,"6":7,"7":7,"8":7,"9":2,"10":2,"11":2,"12":2,"13":2,"14":2,"15":2,"16":2,"17":1,"18":1,"19":1,"20":7,"21":7,"22":4,"23":1,"24":3,"25":3,"26":2},"f":{"0":2,"1":4},"b":{"0":[1,3],"1":[2,1],"2":[3,1]}}
}
