TN:
SF:src\app.ts
FN:31,(anonymous_1)
FNF:1
FNH:1
FNDA:2,(anonymous_1)
DA:1,2
DA:2,2
DA:3,2
DA:4,2
DA:5,2
DA:7,2
DA:10,2
DA:11,2
DA:14,2
DA:20,2
DA:23,2
DA:26,2
DA:27,2
DA:28,2
DA:31,2
DA:32,2
DA:35,2
DA:38,2
DA:41,2
DA:43,2
LF:20
LH:20
BRF:0
BRH:0
end_of_record
TN:
SF:src\routes.ts
FNF:0
FNH:0
DA:1,2
DA:2,2
DA:3,2
DA:4,2
DA:5,2
DA:6,2
DA:7,2
DA:8,2
DA:10,2
DA:15,2
DA:20,2
DA:29,2
DA:39,2
DA:48,2
DA:58,2
DA:67,2
DA:77,2
DA:86,2
DA:94,2
DA:100,2
LF:20
LH:20
BRF:0
BRH:0
end_of_record
TN:
SF:src\blockchain\BlockchainService.ts
FN:27,(anonymous_0)
FN:34,(anonymous_1)
FN:49,(anonymous_2)
FN:60,(anonymous_3)
FN:71,(anonymous_4)
FNF:5
FNH:5
FNDA:10,(anonymous_0)
FNDA:1,(anonymous_1)
FNDA:1,(anonymous_2)
FNDA:1,(anonymous_3)
FNDA:1,(anonymous_4)
DA:1,6
DA:2,6
DA:3,6
DA:4,6
DA:13,6
DA:19,6
DA:29,10
DA:30,10
DA:31,10
DA:35,1
DA:36,1
DA:42,1
DA:44,0
DA:45,0
DA:50,1
DA:51,1
DA:54,1
DA:56,0
DA:61,1
DA:62,1
DA:65,1
DA:67,0
DA:73,1
DA:78,6
LF:24
LH:20
BRF:0
BRH:0
end_of_record
TN:
SF:src\config\env.ts
FNF:0
FNH:0
DA:1,14
DA:2,14
DA:4,14
DA:6,14
DA:21,14
DA:23,14
DA:24,0
DA:25,0
DA:28,14
LF:9
LH:7
BRDA:23,0,0,0
BRDA:23,0,1,14
BRF:2
BRH:1
end_of_record
TN:
SF:src\config\swagger.ts
FNF:0
FNH:0
DA:1,2
DA:3,2
DA:36,2
LF:3
LH:3
BRF:0
BRH:0
end_of_record
TN:
SF:src\middleware\authMiddleware.ts
FN:11,(anonymous_1)
FN:50,(anonymous_2)
FN:56,(anonymous_3)
FN:67,(anonymous_4)
FN:68,(anonymous_5)
FN:76,(anonymous_6)
FN:89,(anonymous_7)
FNF:7
FNH:6
FNDA:37,(anonymous_1)
FNDA:17,(anonymous_2)
FNDA:0,(anonymous_3)
FNDA:16,(anonymous_4)
FNDA:24,(anonymous_5)
FNDA:24,(anonymous_6)
FNDA:11,(anonymous_7)
DA:2,3
DA:3,3
DA:4,3
DA:5,3
DA:6,3
DA:8,3
DA:11,3
DA:12,37
DA:13,37
DA:15,37
DA:16,5
DA:19,32
DA:22,32
DA:27,32
DA:35,31
DA:36,3
DA:39,28
DA:40,1
DA:43,27
DA:44,2
DA:48,25
DA:49,25
DA:50,25
DA:53,25
DA:56,0
DA:59,25
DA:61,25
DA:63,12
DA:67,3
DA:68,16
DA:69,24
DA:70,24
DA:72,24
DA:73,1
DA:76,24
DA:78,23
DA:79,7
DA:82,16
DA:84,8
DA:89,3
DA:90,11
DA:91,11
DA:93,11
DA:97,11
DA:98,2
DA:101,9
DA:102,9
DA:104,2
LF:48
LH:47
BRDA:15,0,0,5
BRDA:15,0,1,32
BRDA:15,1,0,37
BRDA:15,1,1,33
BRDA:35,2,0,3
BRDA:35,2,1,28
BRDA:35,3,0,31
BRDA:35,3,1,29
BRDA:39,4,0,1
BRDA:39,4,1,27
BRDA:39,5,0,28
BRDA:39,5,1,1
BRDA:43,6,0,2
BRDA:43,6,1,25
BRDA:72,7,0,1
BRDA:72,7,1,23
BRDA:78,8,0,7
BRDA:78,8,1,16
BRDA:97,9,0,2
BRDA:97,9,1,9
BRF:20
BRH:20
end_of_record
TN:
SF:src\middleware\errorHandler.ts
FN:7,(anonymous_0)
FN:19,(anonymous_1)
FNF:2
FNH:2
FNDA:27,(anonymous_0)
FNDA:1,(anonymous_1)
DA:2,3
DA:3,3
DA:4,3
DA:5,3
DA:7,3
DA:13,27
DA:14,24
DA:15,24
DA:18,3
DA:19,1
DA:20,1
DA:21,1
DA:25,2
DA:26,2
LF:14
LH:14
BRDA:13,0,0,24
BRDA:13,0,1,3
BRDA:18,1,0,1
BRDA:18,1,1,2
BRF:4
BRH:4
end_of_record
TN:
SF:src\middleware\idempotency.ts
FN:13,(anonymous_0)
FNF:1
FNH:1
FNDA:13,(anonymous_0)
DA:2,3
DA:3,3
DA:5,3
DA:13,3
DA:14,13
DA:15,13
DA:17,13
DA:18,2
DA:21,11
DA:22,1
DA:26,10
DA:30,9
DA:33,2
DA:41,7
DA:42,7
DA:44,4
LF:16
LH:16
BRDA:17,0,0,2
BRDA:17,0,1,11
BRDA:21,1,0,1
BRDA:21,1,1,10
BRDA:30,2,0,2
BRDA:30,2,1,7
BRF:6
BRH:6
end_of_record
TN:
SF:src\modules\audit\audit.service.ts
FN:6,(anonymous_0)
FNF:1
FNH:1
FNDA:29,(anonymous_0)
DA:1,4
DA:3,4
DA:5,4
DA:7,29
DA:8,29
DA:16,1
LF:6
LH:6
BRDA:6,0,0,3
BRF:1
BRH:1
end_of_record
TN:
SF:src\modules\clients\client.controller.ts
FN:6,(anonymous_0)
FN:16,(anonymous_1)
FNF:2
FNH:2
FNDA:2,(anonymous_0)
FNDA:2,(anonymous_1)
DA:2,2
DA:3,2
DA:5,2
DA:7,2
DA:8,2
DA:9,2
DA:10,1
DA:12,1
DA:17,2
DA:18,2
DA:19,2
DA:20,1
DA:22,1
LF:13
LH:13
BRF:0
BRH:0
end_of_record
TN:
SF:src\modules\clients\client.service.ts
FN:13,(anonymous_1)
FN:24,(anonymous_2)
FN:36,(anonymous_3)
FN:55,(anonymous_4)
FNF:4
FNH:4
FNDA:9,(anonymous_1)
FNDA:5,(anonymous_2)
FNDA:4,(anonymous_3)
FNDA:4,(anonymous_4)
DA:1,3
DA:2,3
DA:3,3
DA:4,3
DA:6,3
DA:8,3
DA:14,9
DA:15,9
DA:16,9
DA:21,9
DA:26,5
DA:28,5
DA:36,4
DA:46,4
DA:56,4
DA:72,4
DA:74,2
LF:17
LH:17
BRDA:13,0,0,8
BRDA:40,1,0,2
BRDA:40,1,1,3
BRDA:72,2,0,2
BRDA:72,2,1,2
BRF:5
BRH:5
end_of_record
TN:
SF:src\modules\deposits\deposit.controller.ts
FN:6,(anonymous_0)
FNF:1
FNH:1
FNDA:2,(anonymous_0)
DA:2,2
DA:3,2
DA:5,2
DA:7,2
DA:8,2
DA:9,2
DA:11,2
DA:18,1
DA:20,1
LF:9
LH:9
BRF:0
BRH:0
end_of_record
TN:
SF:src\modules\deposits\deposit.service.ts
FN:18,(anonymous_0)
FNF:1
FNH:1
FNDA:5,(anonymous_0)
DA:1,3
DA:2,3
DA:4,3
DA:13,3
DA:19,5
DA:21,5
DA:25,5
DA:26,2
DA:29,3
DA:39,3
LF:10
LH:10
BRDA:25,0,0,2
BRDA:25,0,1,3
BRDA:33,1,0,3
BRDA:33,1,1,1
BRF:4
BRH:4
end_of_record
TN:
SF:src\modules\mint\mint.controller.ts
FN:6,(anonymous_0)
FN:26,(anonymous_1)
FNF:2
FNH:2
FNDA:2,(anonymous_0)
FNDA:2,(anonymous_1)
DA:2,2
DA:3,2
DA:5,2
DA:7,2
DA:8,2
DA:9,2
DA:10,2
DA:12,2
DA:20,1
DA:22,1
DA:27,2
DA:28,2
DA:29,2
DA:31,2
DA:32,1
DA:34,1
LF:16
LH:16
BRF:0
BRH:0
end_of_record
TN:
SF:src\modules\mint\mint.service.ts
FN:16,(anonymous_0)
FN:72,(anonymous_1)
FNF:2
FNH:2
FNDA:6,(anonymous_0)
FNDA:5,(anonymous_1)
DA:1,3
DA:2,3
DA:3,3
DA:5,3
DA:15,3
DA:17,6
DA:20,6
DA:24,6
DA:25,2
DA:28,4
DA:29,1
DA:33,3
DA:41,3
DA:42,1
DA:46,2
DA:59,2
DA:65,2
DA:73,5
DA:77,5
DA:78,3
DA:81,2
LF:21
LH:21
BRDA:24,0,0,2
BRDA:24,0,1,4
BRDA:28,1,0,1
BRDA:28,1,1,3
BRDA:41,2,0,1
BRDA:41,2,1,2
BRDA:77,3,0,3
BRDA:77,3,1,2
BRDA:77,4,0,5
BRDA:77,4,1,3
BRF:10
BRH:10
end_of_record
TN:
SF:src\modules\transfers\transfer.controller.ts
FN:6,(anonymous_0)
FN:26,(anonymous_1)
FNF:2
FNH:2
FNDA:2,(anonymous_0)
FNDA:2,(anonymous_1)
DA:2,2
DA:3,2
DA:5,2
DA:7,2
DA:8,2
DA:9,2
DA:10,2
DA:12,2
DA:20,1
DA:22,1
DA:27,2
DA:28,2
DA:29,2
DA:31,2
DA:32,1
DA:34,1
LF:16
LH:16
BRF:0
BRH:0
end_of_record
TN:
SF:src\modules\transfers\transfer.service.ts
FN:16,(anonymous_0)
FN:62,(anonymous_1)
FNF:2
FNH:2
FNDA:5,(anonymous_0)
FNDA:5,(anonymous_1)
DA:1,3
DA:2,3
DA:3,3
DA:5,3
DA:15,3
DA:17,5
DA:20,5
DA:28,5
DA:29,2
DA:36,3
DA:49,3
DA:55,3
DA:63,5
DA:67,5
DA:68,3
DA:71,2
LF:16
LH:16
BRDA:28,0,0,2
BRDA:28,0,1,3
BRDA:67,1,0,3
BRDA:67,1,1,2
BRDA:67,2,0,5
BRDA:67,2,1,4
BRDA:67,2,2,3
BRF:7
BRH:7
end_of_record
TN:
SF:src\modules\webhooks\webhook.service.ts
FN:11,(anonymous_0)
FNF:1
FNH:1
FNDA:1,(anonymous_0)
DA:1,6
DA:2,6
DA:4,6
DA:6,6
DA:13,1
DA:23,1
LF:6
LH:6
BRF:0
BRH:0
end_of_record
TN:
SF:src\modules\withdrawals\withdrawal.controller.ts
FN:6,(anonymous_0)
FN:26,(anonymous_1)
FN:38,(anonymous_2)
FNF:3
FNH:3
FNDA:2,(anonymous_0)
FNDA:3,(anonymous_1)
FNDA:2,(anonymous_2)
DA:2,2
DA:3,2
DA:5,2
DA:7,2
DA:8,2
DA:9,2
DA:10,2
DA:12,2
DA:20,1
DA:22,1
DA:27,3
DA:29,3
DA:31,3
DA:32,1
DA:34,2
DA:39,2
DA:40,2
DA:41,2
DA:43,2
DA:44,1
DA:46,1
LF:21
LH:21
BRF:0
BRH:0
end_of_record
TN:
SF:src\modules\withdrawals\withdrawal.service.ts
FN:16,(anonymous_0)
FN:77,(anonymous_1)
FN:99,(anonymous_2)
FN:118,(anonymous_3)
FN:130,(anonymous_4)
FNF:5
FNH:5
FNDA:5,(anonymous_0)
FNDA:7,(anonymous_1)
FNDA:3,(anonymous_2)
FNDA:4,(anonymous_3)
FNDA:2,(anonymous_4)
DA:1,3
DA:2,3
DA:3,3
DA:5,3
DA:15,3
DA:17,5
DA:20,5
DA:28,5
DA:29,2
DA:33,3
DA:37,3
DA:38,1
DA:47,2
DA:58,2
DA:70,2
DA:79,7
DA:84,7
DA:85,2
DA:88,5
DA:89,2
DA:93,3
DA:99,3
DA:100,3
DA:101,1
DA:105,2
DA:111,2
DA:119,4
DA:126,4
DA:127,2
DA:130,2
DA:132,2
LF:31
LH:31
BRDA:28,0,0,2
BRDA:28,0,1,3
BRDA:37,1,0,1
BRDA:37,1,1,2
BRDA:84,2,0,2
BRDA:84,2,1,5
BRDA:88,3,0,2
BRDA:88,3,1,3
BRDA:99,4,0,3
BRDA:99,4,1,2
BRDA:100,5,0,1
BRDA:100,5,1,2
BRDA:126,6,0,2
BRDA:126,6,1,2
BRDA:126,7,0,4
BRDA:126,7,1,3
BRF:16
BRH:16
end_of_record
TN:
SF:src\utils\apiResponse.ts
FN:13,(anonymous_0)
FN:22,(anonymous_1)
FNF:2
FNH:2
FNDA:12,(anonymous_0)
FNDA:29,(anonymous_1)
DA:13,4
DA:14,12
DA:19,12
DA:22,4
DA:29,29
DA:37,29
LF:6
LH:6
BRDA:13,0,0,6
BRDA:25,1,0,1
BRDA:26,2,0,1
BRF:3
BRH:3
end_of_record
TN:
SF:src\utils\errors.ts
FN:6,(anonymous_0)
FN:16,(anonymous_1)
FN:22,(anonymous_2)
FN:28,(anonymous_3)
FN:34,(anonymous_4)
FN:40,(anonymous_5)
FN:46,(anonymous_6)
FNF:7
FNH:7
FNDA:59,(anonymous_0)
FNDA:10,(anonymous_1)
FNDA:17,(anonymous_2)
FNDA:7,(anonymous_3)
FNDA:17,(anonymous_4)
FNDA:5,(anonymous_5)
FNDA:1,(anonymous_6)
DA:1,12
DA:7,59
DA:8,59
DA:9,59
DA:10,59
DA:11,59
DA:15,12
DA:17,10
DA:21,12
DA:23,17
DA:27,12
DA:29,7
DA:33,12
DA:35,17
DA:39,12
DA:41,5
DA:45,12
DA:47,1
LF:18
LH:18
BRDA:6,0,0,57
BRDA:16,1,0,1
BRDA:16,2,0,10
BRDA:22,3,0,1
BRDA:22,4,0,15
BRDA:28,5,0,1
BRDA:28,6,0,7
BRDA:34,7,0,1
BRDA:34,8,0,15
BRDA:40,9,0,1
BRDA:40,10,0,5
BRDA:46,11,0,1
BRDA:46,12,0,1
BRF:13
BRH:13
end_of_record
TN:
SF:src\utils\logger.ts
FN:17,(anonymous_0)
FN:24,(anonymous_1)
FN:27,(anonymous_2)
FN:30,(anonymous_3)
FN:33,(anonymous_4)
FN:36,(anonymous_5)
FNF:6
FNH:6
FNDA:35,(anonymous_0)
FNDA:31,(anonymous_1)
FNDA:8,(anonymous_2)
FNDA:18,(anonymous_3)
FNDA:2,(anonymous_4)
FNDA:3,(anonymous_5)
DA:1,12
DA:3,12
DA:15,12
DA:17,12
DA:18,35
DA:19,35
DA:20,35
DA:23,12
DA:25,31
DA:28,8
DA:31,18
DA:34,2
DA:37,3
LF:13
LH:13
BRDA:15,0,0,12
BRDA:15,0,1,0
BRDA:19,1,0,5
BRDA:19,1,1,30
BRDA:25,2,0,31
BRDA:25,2,1,0
BRDA:28,3,0,1
BRDA:28,3,1,7
BRDA:31,4,0,1
BRDA:31,4,1,17
BRDA:34,5,0,1
BRDA:34,5,1,1
BRDA:37,6,0,1
BRDA:37,6,1,2
BRF:14
BRH:12
end_of_record
TN:
SF:src\workers\transaction.worker.ts
FN:18,(anonymous_0)
FN:99,(anonymous_1)
FN:103,(anonymous_2)
FNF:3
FNH:3
FNDA:7,(anonymous_0)
FNDA:1,(anonymous_1)
FNDA:1,(anonymous_2)
DA:1,6
DA:2,6
DA:3,6
DA:4,6
DA:5,6
DA:6,6
DA:8,6
DA:10,6
DA:15,6
DA:18,6
DA:19,7
DA:21,7
DA:24,7
DA:26,7
DA:27,2
DA:28,2
DA:32,5
DA:37,5
DA:41,5
DA:42,2
DA:43,3
DA:44,1
DA:45,2
DA:46,1
DA:48,1
DA:52,3
DA:55,3
DA:64,3
DA:65,3
DA:72,3
DA:74,2
DA:76,2
DA:85,2
DA:90,2
DA:94,6
DA:99,6
DA:100,1
DA:103,6
DA:104,1
LF:39
LH:39
BRDA:26,0,0,2
BRDA:26,0,1,5
BRDA:26,1,0,7
BRDA:26,1,1,6
BRDA:41,2,0,2
BRDA:41,2,1,3
BRDA:43,3,0,1
BRDA:43,3,1,2
BRDA:45,4,0,1
BRDA:45,4,1,1
BRDA:80,5,0,2
BRDA:80,5,1,0
BRDA:87,6,0,2
BRDA:87,6,1,0
BRF:14
BRH:12
end_of_record
TN:
SF:src\workers\webhook.worker.ts
FN:20,(anonymous_1)
FN:75,(anonymous_2)
FNF:2
FNH:2
FNDA:2,(anonymous_1)
FNDA:4,(anonymous_2)
DA:1,7
DA:2,7
DA:3,7
DA:4,7
DA:5,7
DA:7,7
DA:8,7
DA:10,7
DA:20,7
DA:21,2
DA:23,2
DA:25,2
DA:30,2
DA:32,2
DA:33,2
DA:34,2
DA:53,2
DA:58,1
DA:61,1
DA:62,1
DA:66,7
DA:75,7
DA:76,4
DA:77,3
DA:80,3
DA:81,2
LF:26
LH:26
BRDA:76,0,0,1
BRDA:76,0,1,3
BRDA:80,1,0,2
BRDA:80,1,1,1
BRDA:80,2,0,3
BRDA:80,2,1,1
BRF:6
BRH:6
end_of_record
